<?xml version="1.0" encoding="UTF-8"?>
<coverage generated="1773673286745" clover="3.2.0">
  <project timestamp="1773673286745" name="All files">
    <metrics statements="110" coveredstatements="85" conditionals="93" coveredconditionals="65" methods="21" coveredmethods="12" elements="224" coveredelements="162" complexity="0" loc="110" ncloc="110" packages="3" files="4" classes="4"/>
    <package name="lib">
      <metrics statements="5" coveredstatements="2" conditionals="6" coveredconditionals="0" methods="2" coveredmethods="1"/>
      <file name="utils.ts" path="/home/tomas-magula/Documents/Projects/ZB/zdravy-projekt/frontend/src/lib/utils.ts">
        <metrics statements="5" coveredstatements="2" conditionals="6" coveredconditionals="0" methods="2" coveredmethods="1"/>
        <line num="5" count="2" type="stmt"/>
        <line num="15" count="1" type="stmt"/>
        <line num="16" count="0" type="cond" truecount="0" falsecount="2"/>
        <line num="17" count="0" type="cond" truecount="0" falsecount="4"/>
        <line num="18" count="0" type="stmt"/>
      </file>
    </package>
    <package name="pages.client.components.ui">
      <metrics statements="11" coveredstatements="9" conditionals="7" coveredconditionals="7" methods="3" coveredmethods="2"/>
      <file name="Button.tsx" path="/home/tomas-magula/Documents/Projects/ZB/zdravy-projekt/frontend/src/pages/client/components/ui/Button.tsx">
        <metrics statements="5" coveredstatements="5" conditionals="2" coveredconditionals="2" methods="1" coveredmethods="1"/>
        <line num="9" count="1" type="cond" truecount="2" falsecount="0"/>
        <line num="10" count="2" type="stmt"/>
        <line num="18" count="2" type="stmt"/>
        <line num="25" count="2" type="stmt"/>
        <line num="39" count="1" type="stmt"/>
      </file>
      <file name="ConfirmationModal.tsx" path="/home/tomas-magula/Documents/Projects/ZB/zdravy-projekt/frontend/src/pages/client/components/ui/ConfirmationModal.tsx">
        <metrics statements="6" coveredstatements="4" conditionals="5" coveredconditionals="5" methods="2" coveredmethods="1"/>
        <line num="15" count="1" type="stmt"/>
        <line num="25" count="28" type="cond" truecount="2" falsecount="0"/>
        <line num="27" count="1" type="stmt"/>
        <line num="42" count="1" type="stmt"/>
        <line num="65" count="0" type="stmt"/>
        <line num="66" count="0" type="stmt"/>
      </file>
    </package>
    <package name="pages.client.pages">
      <metrics statements="94" coveredstatements="74" conditionals="80" coveredconditionals="58" methods="16" coveredmethods="9"/>
      <file name="ProfilePage.tsx" path="/home/tomas-magula/Documents/Projects/ZB/zdravy-projekt/frontend/src/pages/client/pages/ProfilePage.tsx">
        <metrics statements="94" coveredstatements="74" conditionals="80" coveredconditionals="58" methods="16" coveredmethods="9"/>
        <line num="9" count="1" type="cond" truecount="2" falsecount="0"/>
        <line num="32" count="1" type="stmt"/>
        <line num="33" count="41" type="stmt"/>
        <line num="40" count="41" type="stmt"/>
        <line num="47" count="41" type="stmt"/>
        <line num="48" count="41" type="stmt"/>
        <line num="49" count="41" type="stmt"/>
        <line num="50" count="41" type="stmt"/>
        <line num="51" count="41" type="stmt"/>
        <line num="52" count="41" type="stmt"/>
        <line num="53" count="41" type="stmt"/>
        <line num="54" count="41" type="stmt"/>
        <line num="55" count="41" type="stmt"/>
        <line num="57" count="41" type="stmt"/>
        <line num="66" count="41" type="stmt"/>
        <line num="67" count="12" type="stmt"/>
        <line num="68" count="12" type="stmt"/>
        <line num="70" count="11" type="cond" truecount="1" falsecount="1"/>
        <line num="71" count="11" type="stmt"/>
        <line num="72" count="11" type="stmt"/>
        <line num="73" count="11" type="stmt"/>
        <line num="82" count="0" type="stmt"/>
        <line num="85" count="1" type="stmt"/>
        <line num="86" count="1" type="stmt"/>
        <line num="88" count="12" type="stmt"/>
        <line num="92" count="41" type="stmt"/>
        <line num="93" count="12" type="stmt"/>
        <line num="96" count="41" type="stmt"/>
        <line num="97" count="3" type="stmt"/>
        <line num="98" count="3" type="stmt"/>
        <line num="99" count="3" type="stmt"/>
        <line num="101" count="3" type="stmt"/>
        <line num="102" count="3" type="stmt"/>
        <line num="110" count="2" type="cond" truecount="2" falsecount="0"/>
        <line num="111" count="1" type="stmt"/>
        <line num="112" count="1" type="stmt"/>
        <line num="113" count="1" type="stmt"/>
        <line num="115" count="1" type="stmt"/>
        <line num="118" count="1" type="stmt"/>
        <line num="120" count="3" type="stmt"/>
        <line num="124" count="41" type="stmt"/>
        <line num="125" count="28" type="stmt"/>
        <line num="132" count="41" type="stmt"/>
        <line num="133" count="2" type="stmt"/>
        <line num="134" count="2" type="stmt"/>
        <line num="135" count="2" type="stmt"/>
        <line num="136" count="2" type="stmt"/>
        <line num="138" count="2" type="cond" truecount="1" falsecount="1"/>
        <line num="140" count="2" type="cond" truecount="2" falsecount="0"/>
        <line num="141" count="1" type="stmt"/>
        <line num="142" count="1" type="cond" truecount="1" falsecount="1"/>
        <line num="143" count="0" type="stmt"/>
        <line num="148" count="1" type="stmt"/>
        <line num="154" count="0" type="stmt"/>
        <line num="159" count="2" type="stmt"/>
        <line num="163" count="41" type="stmt"/>
        <line num="164" count="2" type="stmt"/>
        <line num="165" count="2" type="stmt"/>
        <line num="166" count="2" type="stmt"/>
        <line num="167" count="2" type="stmt"/>
        <line num="168" count="2" type="cond" truecount="2" falsecount="0"/>
        <line num="169" count="1" type="stmt"/>
        <line num="171" count="1" type="stmt"/>
        <line num="177" count="0" type="stmt"/>
        <line num="182" count="2" type="stmt"/>
        <line num="186" count="41" type="stmt"/>
        <line num="187" count="2" type="stmt"/>
        <line num="189" count="2" type="cond" truecount="1" falsecount="1"/>
        <line num="190" count="0" type="stmt"/>
        <line num="191" count="0" type="stmt"/>
        <line num="194" count="2" type="cond" truecount="1" falsecount="1"/>
        <line num="195" count="0" type="stmt"/>
        <line num="196" count="0" type="stmt"/>
        <line num="197" count="0" type="stmt"/>
        <line num="200" count="2" type="cond" truecount="1" falsecount="1"/>
        <line num="201" count="0" type="stmt"/>
        <line num="205" count="0" type="stmt"/>
        <line num="208" count="2" type="cond" truecount="1" falsecount="1"/>
        <line num="209" count="0" type="stmt"/>
        <line num="213" count="0" type="stmt"/>
        <line num="216" count="2" type="stmt"/>
        <line num="222" count="41" type="cond" truecount="2" falsecount="0"/>
        <line num="223" count="12" type="stmt"/>
        <line num="234" count="29" type="cond" truecount="2" falsecount="0"/>
        <line num="235" count="1" type="stmt"/>
        <line num="245" count="28" type="stmt"/>
        <line num="257" count="1" type="stmt"/>
        <line num="300" count="0" type="stmt"/>
        <line num="312" count="0" type="stmt"/>
        <line num="324" count="0" type="stmt"/>
        <line num="340" count="0" type="stmt"/>
        <line num="356" count="0" type="stmt"/>
        <line num="369" count="0" type="stmt"/>
        <line num="484" count="0" type="stmt"/>
      </file>
    </package>
  </project>
</coverage>
