{"/home/tomas-magula/Documents/Projects/ZB/zdravy-projekt/frontend/src/lib/utils.ts": {"path":"/home/tomas-magula/Documents/Projects/ZB/zdravy-projekt/frontend/src/lib/utils.ts","statementMap":{"0":{"start":{"line":5,"column":4},"end":{"line":5,"column":null}},"1":{"start":{"line":15,"column":31},"end":{"line":19,"column":null}},"2":{"start":{"line":16,"column":4},"end":{"line":16,"column":null}},"3":{"start":{"line":16,"column":21},"end":{"line":16,"column":null}},"4":{"start":{"line":17,"column":4},"end":{"line":17,"column":null}},"5":{"start":{"line":17,"column":34},"end":{"line":17,"column":null}},"6":{"start":{"line":18,"column":4},"end":{"line":18,"column":null}}},"fnMap":{"0":{"name":"cn","decl":{"start":{"line":4,"column":16},"end":{"line":4,"column":22}},"loc":{"start":{"line":4,"column":44},"end":{"line":6,"column":null}},"line":4},"1":{"name":"(anonymous_1)","decl":{"start":{"line":15,"column":31},"end":{"line":15,"column":32}},"loc":{"start":{"line":15,"column":98},"end":{"line":19,"column":null}},"line":15}},"branchMap":{"0":{"loc":{"start":{"line":16,"column":4},"end":{"line":16,"column":null}},"type":"if","locations":[{"start":{"line":16,"column":4},"end":{"line":16,"column":null}},{"start":{},"end":{}}],"line":16},"1":{"loc":{"start":{"line":17,"column":4},"end":{"line":17,"column":null}},"type":"if","locations":[{"start":{"line":17,"column":4},"end":{"line":17,"column":null}},{"start":{},"end":{}}],"line":17},"2":{"loc":{"start":{"line":17,"column":8},"end":{"line":17,"column":34}},"type":"binary-expr","locations":[{"start":{"line":17,"column":8},"end":{"line":17,"column":22}},{"start":{"line":17,"column":22},"end":{"line":17,"column":34}}],"line":17}},"s":{"0":2,"1":1,"2":0,"3":0,"4":0,"5":0,"6":0},"f":{"0":2,"1":0},"b":{"0":[0,0],"1":[0,0],"2":[0,0]},"meta":{"lastBranch":3,"lastFunction":2,"lastStatement":7,"seen":{"f:4:16:4:22":0,"s:5:4:5:Infinity":0,"s:15:31:19:Infinity":1,"f:15:31:15:32":1,"b:16:4:16:Infinity:undefined:undefined:undefined:undefined":0,"s:16:4:16:Infinity":2,"s:16:21:16:Infinity":3,"b:17:4:17:Infinity:undefined:undefined:undefined:undefined":1,"s:17:4:17:Infinity":4,"b:17:8:17:22:17:22:17:34":2,"s:17:34:17:Infinity":5,"s:18:4:18:Infinity":6}}}
,"/home/tomas-magula/Documents/Projects/ZB/zdravy-projekt/frontend/src/pages/client/components/ui/Button.tsx": {"path":"/home/tomas-magula/Documents/Projects/ZB/zdravy-projekt/frontend/src/pages/client/components/ui/Button.tsx","statementMap":{"0":{"start":{"line":9,"column":6},"end":{"line":37,"column":null}},"1":{"start":{"line":10,"column":21},"end":{"line":16,"column":null}},"2":{"start":{"line":18,"column":18},"end":{"line":23,"column":null}},"3":{"start":{"line":25,"column":4},"end":{"line":35,"column":null}},"4":{"start":{"line":39,"column":0},"end":{"line":39,"column":null}}},"fnMap":{"0":{"name":"(anonymous_0)","decl":{"start":{"line":9,"column":58},"end":{"line":9,"column":59}},"loc":{"start":{"line":9,"column":131},"end":{"line":37,"column":1}},"line":9}},"branchMap":{"0":{"loc":{"start":{"line":9,"column":72},"end":{"line":9,"column":93}},"type":"default-arg","locations":[{"start":{"line":9,"column":82},"end":{"line":9,"column":93}}],"line":9},"1":{"loc":{"start":{"line":9,"column":93},"end":{"line":9,"column":111}},"type":"default-arg","locations":[{"start":{"line":9,"column":100},"end":{"line":9,"column":111}}],"line":9}},"s":{"0":1,"1":2,"2":2,"3":2,"4":1},"f":{"0":2},"b":{"0":[2],"1":[2]},"meta":{"lastBranch":2,"lastFunction":1,"lastStatement":5,"seen":{"s:9:6:37:Infinity":0,"f:9:58:9:59":0,"b:9:82:9:93":0,"b:9:100:9:111":1,"s:10:21:16:Infinity":1,"s:18:18:23:Infinity":2,"s:25:4:35:Infinity":3,"s:39:0:39:Infinity":4}}}
,"/home/tomas-magula/Documents/Projects/ZB/zdravy-projekt/frontend/src/pages/client/components/ui/ConfirmationModal.tsx": {"path":"/home/tomas-magula/Documents/Projects/ZB/zdravy-projekt/frontend/src/pages/client/components/ui/ConfirmationModal.tsx","statementMap":{"0":{"start":{"line":15,"column":26},"end":{"line":76,"column":null}},"1":{"start":{"line":25,"column":4},"end":{"line":25,"column":null}},"2":{"start":{"line":25,"column":17},"end":{"line":25,"column":null}},"3":{"start":{"line":27,"column":19},"end":{"line":40,"column":null}},"4":{"start":{"line":42,"column":4},"end":{"line":74,"column":null}},"5":{"start":{"line":65,"column":32},"end":{"line":65,"column":null}},"6":{"start":{"line":66,"column":32},"end":{"line":66,"column":null}}},"fnMap":{"0":{"name":"(anonymous_0)","decl":{"start":{"line":15,"column":26},"end":{"line":15,"column":27}},"loc":{"start":{"line":24,"column":30},"end":{"line":76,"column":null}},"line":24},"1":{"name":"(anonymous_1)","decl":{"start":{"line":64,"column":37},"end":{"line":64,"column":43}},"loc":{"start":{"line":64,"column":43},"end":{"line":67,"column":null}},"line":64}},"branchMap":{"0":{"loc":{"start":{"line":21,"column":4},"end":{"line":21,"column":null}},"type":"default-arg","locations":[{"start":{"line":21,"column":18},"end":{"line":21,"column":null}}],"line":21},"1":{"loc":{"start":{"line":22,"column":4},"end":{"line":22,"column":null}},"type":"default-arg","locations":[{"start":{"line":22,"column":17},"end":{"line":22,"column":null}}],"line":22},"2":{"loc":{"start":{"line":23,"column":4},"end":{"line":23,"column":null}},"type":"default-arg","locations":[{"start":{"line":23,"column":14},"end":{"line":23,"column":null}}],"line":23},"3":{"loc":{"start":{"line":25,"column":4},"end":{"line":25,"column":null}},"type":"if","locations":[{"start":{"line":25,"column":4},"end":{"line":25,"column":null}},{"start":{},"end":{}}],"line":25}},"s":{"0":1,"1":28,"2":27,"3":1,"4":1,"5":0,"6":0},"f":{"0":28,"1":0},"b":{"0":[28],"1":[28],"2":[28],"3":[27,1]},"meta":{"lastBranch":4,"lastFunction":2,"lastStatement":7,"seen":{"s:15:26:76:Infinity":0,"f:15:26:15:27":0,"b:21:18:21:Infinity":0,"b:22:17:22:Infinity":1,"b:23:14:23:Infinity":2,"b:25:4:25:Infinity:undefined:undefined:undefined:undefined":3,"s:25:4:25:Infinity":1,"s:25:17:25:Infinity":2,"s:27:19:40:Infinity":3,"s:42:4:74:Infinity":4,"f:64:37:64:43":1,"s:65:32:65:Infinity":5,"s:66:32:66:Infinity":6}}}
,"/home/tomas-magula/Documents/Projects/ZB/zdravy-projekt/frontend/src/pages/client/pages/ProfilePage.tsx": {"path":"/home/tomas-magula/Documents/Projects/ZB/zdravy-projekt/frontend/src/pages/client/pages/ProfilePage.tsx","statementMap":{"0":{"start":{"line":9,"column":16},"end":{"line":9,"column":null}},"1":{"start":{"line":32,"column":20},"end":{"line":494,"column":null}},"2":{"start":{"line":33,"column":29},"end":{"line":33,"column":null}},"3":{"start":{"line":40,"column":4},"end":{"line":40,"column":null}},"4":{"start":{"line":47,"column":4},"end":{"line":47,"column":null}},"5":{"start":{"line":48,"column":30},"end":{"line":48,"column":null}},"6":{"start":{"line":49,"column":30},"end":{"line":49,"column":null}},"7":{"start":{"line":50,"column":28},"end":{"line":50,"column":null}},"8":{"start":{"line":51,"column":38},"end":{"line":51,"column":null}},"9":{"start":{"line":52,"column":60},"end":{"line":52,"column":null}},"10":{"start":{"line":53,"column":30},"end":{"line":53,"column":null}},"11":{"start":{"line":54,"column":38},"end":{"line":54,"column":null}},"12":{"start":{"line":55,"column":36},"end":{"line":55,"column":null}},"13":{"start":{"line":57,"column":32},"end":{"line":64,"column":null}},"14":{"start":{"line":66,"column":10},"end":{"line":90,"column":null}},"15":{"start":{"line":67,"column":8},"end":{"line":89,"column":null}},"16":{"start":{"line":68,"column":29},"end":{"line":68,"column":null}},"17":{"start":{"line":70,"column":12},"end":{"line":83,"column":null}},"18":{"start":{"line":71,"column":29},"end":{"line":71,"column":null}},"19":{"start":{"line":72,"column":16},"end":{"line":72,"column":null}},"20":{"start":{"line":73,"column":16},"end":{"line":80,"column":null}},"21":{"start":{"line":82,"column":16},"end":{"line":82,"column":null}},"22":{"start":{"line":85,"column":12},"end":{"line":85,"column":null}},"23":{"start":{"line":86,"column":12},"end":{"line":86,"column":null}},"24":{"start":{"line":88,"column":12},"end":{"line":88,"column":null}},"25":{"start":{"line":92,"column":4},"end":{"line":94,"column":null}},"26":{"start":{"line":93,"column":8},"end":{"line":93,"column":null}},"27":{"start":{"line":96,"column":25},"end":{"line":122,"column":null}},"28":{"start":{"line":97,"column":8},"end":{"line":97,"column":null}},"29":{"start":{"line":98,"column":8},"end":{"line":98,"column":null}},"30":{"start":{"line":99,"column":8},"end":{"line":99,"column":null}},"31":{"start":{"line":101,"column":8},"end":{"line":121,"column":null}},"32":{"start":{"line":102,"column":29},"end":{"line":108,"column":null}},"33":{"start":{"line":110,"column":12},"end":{"line":116,"column":null}},"34":{"start":{"line":111,"column":29},"end":{"line":111,"column":null}},"35":{"start":{"line":112,"column":16},"end":{"line":112,"column":null}},"36":{"start":{"line":113,"column":16},"end":{"line":113,"column":null}},"37":{"start":{"line":115,"column":16},"end":{"line":115,"column":null}},"38":{"start":{"line":118,"column":12},"end":{"line":118,"column":null}},"39":{"start":{"line":120,"column":12},"end":{"line":120,"column":null}},"40":{"start":{"line":124,"column":23},"end":{"line":130,"column":null}},"41":{"start":{"line":125,"column":8},"end":{"line":129,"column":null}},"42":{"start":{"line":132,"column":38},"end":{"line":161,"column":null}},"43":{"start":{"line":133,"column":8},"end":{"line":133,"column":null}},"44":{"start":{"line":134,"column":8},"end":{"line":134,"column":null}},"45":{"start":{"line":135,"column":8},"end":{"line":160,"column":null}},"46":{"start":{"line":136,"column":23},"end":{"line":136,"column":null}},"47":{"start":{"line":138,"column":16},"end":{"line":138,"column":null}},"48":{"start":{"line":140,"column":12},"end":{"line":152,"column":null}},"49":{"start":{"line":141,"column":16},"end":{"line":141,"column":null}},"50":{"start":{"line":142,"column":12},"end":{"line":152,"column":null}},"51":{"start":{"line":143,"column":16},"end":{"line":146,"column":null}},"52":{"start":{"line":148,"column":16},"end":{"line":151,"column":null}},"53":{"start":{"line":154,"column":12},"end":{"line":157,"column":null}},"54":{"start":{"line":159,"column":12},"end":{"line":159,"column":null}},"55":{"start":{"line":163,"column":39},"end":{"line":184,"column":null}},"56":{"start":{"line":164,"column":8},"end":{"line":164,"column":null}},"57":{"start":{"line":165,"column":8},"end":{"line":165,"column":null}},"58":{"start":{"line":166,"column":8},"end":{"line":183,"column":null}},"59":{"start":{"line":167,"column":23},"end":{"line":167,"column":null}},"60":{"start":{"line":168,"column":12},"end":{"line":175,"column":null}},"61":{"start":{"line":169,"column":16},"end":{"line":169,"column":null}},"62":{"start":{"line":171,"column":16},"end":{"line":174,"column":null}},"63":{"start":{"line":177,"column":12},"end":{"line":180,"column":null}},"64":{"start":{"line":182,"column":12},"end":{"line":182,"column":null}},"65":{"start":{"line":186,"column":29},"end":{"line":220,"column":null}},"66":{"start":{"line":187,"column":8},"end":{"line":187,"column":null}},"67":{"start":{"line":189,"column":8},"end":{"line":192,"column":null}},"68":{"start":{"line":190,"column":12},"end":{"line":190,"column":null}},"69":{"start":{"line":191,"column":12},"end":{"line":191,"column":null}},"70":{"start":{"line":194,"column":8},"end":{"line":198,"column":null}},"71":{"start":{"line":195,"column":12},"end":{"line":195,"column":null}},"72":{"start":{"line":196,"column":12},"end":{"line":196,"column":null}},"73":{"start":{"line":197,"column":12},"end":{"line":197,"column":null}},"74":{"start":{"line":200,"column":8},"end":{"line":206,"column":null}},"75":{"start":{"line":201,"column":12},"end":{"line":204,"column":null}},"76":{"start":{"line":205,"column":12},"end":{"line":205,"column":null}},"77":{"start":{"line":208,"column":8},"end":{"line":214,"column":null}},"78":{"start":{"line":209,"column":12},"end":{"line":212,"column":null}},"79":{"start":{"line":213,"column":12},"end":{"line":213,"column":null}},"80":{"start":{"line":216,"column":8},"end":{"line":219,"column":null}},"81":{"start":{"line":222,"column":4},"end":{"line":232,"column":null}},"82":{"start":{"line":223,"column":8},"end":{"line":229,"column":null}},"83":{"start":{"line":234,"column":4},"end":{"line":243,"column":null}},"84":{"start":{"line":235,"column":8},"end":{"line":241,"column":null}},"85":{"start":{"line":245,"column":4},"end":{"line":492,"column":null}},"86":{"start":{"line":257,"column":43},"end":{"line":257,"column":null}},"87":{"start":{"line":300,"column":57},"end":{"line":300,"column":null}},"88":{"start":{"line":312,"column":57},"end":{"line":312,"column":null}},"89":{"start":{"line":324,"column":57},"end":{"line":324,"column":null}},"90":{"start":{"line":340,"column":49},"end":{"line":340,"column":null}},"91":{"start":{"line":356,"column":57},"end":{"line":356,"column":null}},"92":{"start":{"line":369,"column":57},"end":{"line":369,"column":null}},"93":{"start":{"line":484,"column":31},"end":{"line":484,"column":null}}},"fnMap":{"0":{"name":"(anonymous_0)","decl":{"start":{"line":32,"column":20},"end":{"line":32,"column":26}},"loc":{"start":{"line":32,"column":26},"end":{"line":494,"column":null}},"line":32},"1":{"name":"(anonymous_1)","decl":{"start":{"line":66,"column":37},"end":{"line":66,"column":49}},"loc":{"start":{"line":66,"column":49},"end":{"line":90,"column":7}},"line":66},"2":{"name":"(anonymous_2)","decl":{"start":{"line":92,"column":14},"end":{"line":92,"column":20}},"loc":{"start":{"line":92,"column":20},"end":{"line":94,"column":7}},"line":92},"3":{"name":"(anonymous_3)","decl":{"start":{"line":96,"column":25},"end":{"line":96,"column":32}},"loc":{"start":{"line":96,"column":55},"end":{"line":122,"column":null}},"line":96},"4":{"name":"(anonymous_4)","decl":{"start":{"line":124,"column":23},"end":{"line":124,"column":24}},"loc":{"start":{"line":124,"column":47},"end":{"line":130,"column":null}},"line":124},"5":{"name":"(anonymous_5)","decl":{"start":{"line":132,"column":38},"end":{"line":132,"column":50}},"loc":{"start":{"line":132,"column":50},"end":{"line":161,"column":null}},"line":132},"6":{"name":"(anonymous_6)","decl":{"start":{"line":163,"column":39},"end":{"line":163,"column":51}},"loc":{"start":{"line":163,"column":51},"end":{"line":184,"column":null}},"line":163},"7":{"name":"(anonymous_7)","decl":{"start":{"line":186,"column":29},"end":{"line":186,"column":35}},"loc":{"start":{"line":186,"column":35},"end":{"line":220,"column":null}},"line":186},"8":{"name":"(anonymous_8)","decl":{"start":{"line":257,"column":37},"end":{"line":257,"column":43}},"loc":{"start":{"line":257,"column":43},"end":{"line":257,"column":null}},"line":257},"9":{"name":"(anonymous_9)","decl":{"start":{"line":300,"column":50},"end":{"line":300,"column":51}},"loc":{"start":{"line":300,"column":57},"end":{"line":300,"column":null}},"line":300},"10":{"name":"(anonymous_10)","decl":{"start":{"line":312,"column":50},"end":{"line":312,"column":51}},"loc":{"start":{"line":312,"column":57},"end":{"line":312,"column":null}},"line":312},"11":{"name":"(anonymous_11)","decl":{"start":{"line":324,"column":50},"end":{"line":324,"column":51}},"loc":{"start":{"line":324,"column":57},"end":{"line":324,"column":null}},"line":324},"12":{"name":"(anonymous_12)","decl":{"start":{"line":340,"column":42},"end":{"line":340,"column":43}},"loc":{"start":{"line":340,"column":49},"end":{"line":340,"column":null}},"line":340},"13":{"name":"(anonymous_13)","decl":{"start":{"line":356,"column":50},"end":{"line":356,"column":51}},"loc":{"start":{"line":356,"column":57},"end":{"line":356,"column":null}},"line":356},"14":{"name":"(anonymous_14)","decl":{"start":{"line":369,"column":50},"end":{"line":369,"column":51}},"loc":{"start":{"line":369,"column":57},"end":{"line":369,"column":null}},"line":369},"15":{"name":"(anonymous_15)","decl":{"start":{"line":484,"column":25},"end":{"line":484,"column":31}},"loc":{"start":{"line":484,"column":31},"end":{"line":484,"column":null}},"line":484}},"branchMap":{"0":{"loc":{"start":{"line":9,"column":16},"end":{"line":9,"column":null}},"type":"binary-expr","locations":[{"start":{"line":9,"column":16},"end":{"line":9,"column":48}},{"start":{"line":9,"column":48},"end":{"line":9,"column":null}}],"line":9},"1":{"loc":{"start":{"line":70,"column":12},"end":{"line":83,"column":null}},"type":"if","locations":[{"start":{"line":70,"column":12},"end":{"line":83,"column":null}},{"start":{"line":81,"column":19},"end":{"line":83,"column":null}}],"line":70},"2":{"loc":{"start":{"line":74,"column":34},"end":{"line":74,"column":null}},"type":"binary-expr","locations":[{"start":{"line":74,"column":34},"end":{"line":74,"column":55}},{"start":{"line":74,"column":55},"end":{"line":74,"column":85}},{"start":{"line":74,"column":85},"end":{"line":74,"column":null}}],"line":74},"3":{"loc":{"start":{"line":75,"column":25},"end":{"line":75,"column":null}},"type":"binary-expr","locations":[{"start":{"line":75,"column":25},"end":{"line":75,"column":37}},{"start":{"line":75,"column":37},"end":{"line":75,"column":58}},{"start":{"line":75,"column":58},"end":{"line":75,"column":null}}],"line":75},"4":{"loc":{"start":{"line":76,"column":25},"end":{"line":76,"column":null}},"type":"binary-expr","locations":[{"start":{"line":76,"column":25},"end":{"line":76,"column":37}},{"start":{"line":76,"column":37},"end":{"line":76,"column":58}},{"start":{"line":76,"column":58},"end":{"line":76,"column":null}}],"line":76},"5":{"loc":{"start":{"line":77,"column":32},"end":{"line":77,"column":null}},"type":"binary-expr","locations":[{"start":{"line":77,"column":32},"end":{"line":77,"column":51}},{"start":{"line":77,"column":51},"end":{"line":77,"column":null}}],"line":77},"6":{"loc":{"start":{"line":78,"column":31},"end":{"line":78,"column":null}},"type":"binary-expr","locations":[{"start":{"line":78,"column":31},"end":{"line":78,"column":49}},{"start":{"line":78,"column":49},"end":{"line":78,"column":null}}],"line":78},"7":{"loc":{"start":{"line":79,"column":27},"end":{"line":79,"column":null}},"type":"binary-expr","locations":[{"start":{"line":79,"column":27},"end":{"line":79,"column":41}},{"start":{"line":79,"column":41},"end":{"line":79,"column":null}}],"line":79},"8":{"loc":{"start":{"line":110,"column":12},"end":{"line":116,"column":null}},"type":"if","locations":[{"start":{"line":110,"column":12},"end":{"line":116,"column":null}},{"start":{"line":114,"column":19},"end":{"line":116,"column":null}}],"line":110},"9":{"loc":{"start":{"line":138,"column":16},"end":{"line":138,"column":null}},"type":"cond-expr","locations":[{"start":{"line":138,"column":54},"end":{"line":138,"column":80}},{"start":{"line":138,"column":80},"end":{"line":138,"column":null}}],"line":138},"10":{"loc":{"start":{"line":140,"column":12},"end":{"line":152,"column":null}},"type":"if","locations":[{"start":{"line":140,"column":12},"end":{"line":152,"column":null}},{"start":{"line":142,"column":12},"end":{"line":152,"column":null}}],"line":140},"11":{"loc":{"start":{"line":142,"column":12},"end":{"line":152,"column":null}},"type":"if","locations":[{"start":{"line":142,"column":12},"end":{"line":152,"column":null}},{"start":{"line":147,"column":19},"end":{"line":152,"column":null}}],"line":142},"12":{"loc":{"start":{"line":168,"column":12},"end":{"line":175,"column":null}},"type":"if","locations":[{"start":{"line":168,"column":12},"end":{"line":175,"column":null}},{"start":{"line":170,"column":19},"end":{"line":175,"column":null}}],"line":168},"13":{"loc":{"start":{"line":189,"column":8},"end":{"line":192,"column":null}},"type":"if","locations":[{"start":{"line":189,"column":8},"end":{"line":192,"column":null}},{"start":{},"end":{}}],"line":189},"14":{"loc":{"start":{"line":194,"column":8},"end":{"line":198,"column":null}},"type":"if","locations":[{"start":{"line":194,"column":8},"end":{"line":198,"column":null}},{"start":{},"end":{}}],"line":194},"15":{"loc":{"start":{"line":200,"column":8},"end":{"line":206,"column":null}},"type":"if","locations":[{"start":{"line":200,"column":8},"end":{"line":206,"column":null}},{"start":{},"end":{}}],"line":200},"16":{"loc":{"start":{"line":208,"column":8},"end":{"line":214,"column":null}},"type":"if","locations":[{"start":{"line":208,"column":8},"end":{"line":214,"column":null}},{"start":{},"end":{}}],"line":208},"17":{"loc":{"start":{"line":222,"column":4},"end":{"line":232,"column":null}},"type":"if","locations":[{"start":{"line":222,"column":4},"end":{"line":232,"column":null}},{"start":{},"end":{}}],"line":222},"18":{"loc":{"start":{"line":234,"column":4},"end":{"line":243,"column":null}},"type":"if","locations":[{"start":{"line":234,"column":4},"end":{"line":243,"column":null}},{"start":{},"end":{}}],"line":234},"19":{"loc":{"start":{"line":238,"column":54},"end":{"line":238,"column":103}},"type":"binary-expr","locations":[{"start":{"line":238,"column":54},"end":{"line":238,"column":71}},{"start":{"line":238,"column":71},"end":{"line":238,"column":103}}],"line":238},"20":{"loc":{"start":{"line":276,"column":33},"end":{"line":276,"column":null}},"type":"binary-expr","locations":[{"start":{"line":276,"column":33},"end":{"line":276,"column":58}},{"start":{"line":276,"column":58},"end":{"line":276,"column":null}}],"line":276},"21":{"loc":{"start":{"line":282,"column":37},"end":{"line":282,"column":null}},"type":"cond-expr","locations":[{"start":{"line":282,"column":84},"end":{"line":282,"column":112}},{"start":{"line":282,"column":112},"end":{"line":282,"column":null}}],"line":282},"22":{"loc":{"start":{"line":282,"column":37},"end":{"line":282,"column":84}},"type":"binary-expr","locations":[{"start":{"line":282,"column":37},"end":{"line":282,"column":56}},{"start":{"line":282,"column":56},"end":{"line":282,"column":84}}],"line":282},"23":{"loc":{"start":{"line":381,"column":71},"end":{"line":381,"column":127}},"type":"binary-expr","locations":[{"start":{"line":381,"column":71},"end":{"line":381,"column":95}},{"start":{"line":381,"column":95},"end":{"line":381,"column":127}}],"line":381},"24":{"loc":{"start":{"line":391,"column":41},"end":{"line":393,"column":null}},"type":"cond-expr","locations":[{"start":{"line":392,"column":46},"end":{"line":392,"column":null}},{"start":{"line":393,"column":46},"end":{"line":393,"column":null}}],"line":391},"25":{"loc":{"start":{"line":398,"column":29},"end":{"line":401,"column":null}},"type":"binary-expr","locations":[{"start":{"line":398,"column":29},"end":{"line":398,"column":null}},{"start":{"line":399,"column":32},"end":{"line":401,"column":null}}],"line":398},"26":{"loc":{"start":{"line":404,"column":29},"end":{"line":407,"column":null}},"type":"binary-expr","locations":[{"start":{"line":404,"column":29},"end":{"line":404,"column":null}},{"start":{"line":405,"column":32},"end":{"line":407,"column":null}}],"line":404},"27":{"loc":{"start":{"line":410,"column":29},"end":{"line":417,"column":null}},"type":"binary-expr","locations":[{"start":{"line":410,"column":29},"end":{"line":410,"column":null}},{"start":{"line":411,"column":32},"end":{"line":417,"column":null}}],"line":410},"28":{"loc":{"start":{"line":412,"column":36},"end":{"line":414,"column":null}},"type":"cond-expr","locations":[{"start":{"line":413,"column":42},"end":{"line":413,"column":null}},{"start":{"line":414,"column":42},"end":{"line":414,"column":null}}],"line":412},"29":{"loc":{"start":{"line":420,"column":29},"end":{"line":427,"column":null}},"type":"binary-expr","locations":[{"start":{"line":420,"column":29},"end":{"line":420,"column":null}},{"start":{"line":421,"column":32},"end":{"line":427,"column":null}}],"line":420},"30":{"loc":{"start":{"line":422,"column":36},"end":{"line":424,"column":null}},"type":"cond-expr","locations":[{"start":{"line":423,"column":42},"end":{"line":423,"column":null}},{"start":{"line":424,"column":42},"end":{"line":424,"column":null}}],"line":422},"31":{"loc":{"start":{"line":434,"column":46},"end":{"line":434,"column":null}},"type":"binary-expr","locations":[{"start":{"line":434,"column":46},"end":{"line":434,"column":61}},{"start":{"line":434,"column":61},"end":{"line":434,"column":93}},{"start":{"line":434,"column":93},"end":{"line":434,"column":null}}],"line":434},"32":{"loc":{"start":{"line":437,"column":37},"end":{"line":437,"column":null}},"type":"cond-expr","locations":[{"start":{"line":437,"column":51},"end":{"line":437,"column":68}},{"start":{"line":437,"column":68},"end":{"line":437,"column":null}}],"line":437},"33":{"loc":{"start":{"line":451,"column":46},"end":{"line":451,"column":null}},"type":"binary-expr","locations":[{"start":{"line":451,"column":46},"end":{"line":451,"column":61}},{"start":{"line":451,"column":61},"end":{"line":451,"column":null}}],"line":451},"34":{"loc":{"start":{"line":459,"column":25},"end":{"line":467,"column":null}},"type":"binary-expr","locations":[{"start":{"line":459,"column":25},"end":{"line":459,"column":null}},{"start":{"line":460,"column":28},"end":{"line":467,"column":null}}],"line":459},"35":{"loc":{"start":{"line":461,"column":32},"end":{"line":463,"column":null}},"type":"cond-expr","locations":[{"start":{"line":462,"column":38},"end":{"line":462,"column":null}},{"start":{"line":463,"column":38},"end":{"line":463,"column":null}}],"line":461},"36":{"loc":{"start":{"line":465,"column":39},"end":{"line":465,"column":79}},"type":"cond-expr","locations":[{"start":{"line":465,"column":68},"end":{"line":465,"column":74}},{"start":{"line":465,"column":74},"end":{"line":465,"column":79}}],"line":465},"37":{"loc":{"start":{"line":476,"column":29},"end":{"line":476,"column":null}},"type":"cond-expr","locations":[{"start":{"line":476,"column":38},"end":{"line":476,"column":53}},{"start":{"line":476,"column":53},"end":{"line":476,"column":null}}],"line":476}},"s":{"0":1,"1":1,"2":41,"3":41,"4":41,"5":41,"6":41,"7":41,"8":41,"9":41,"10":41,"11":41,"12":41,"13":41,"14":41,"15":12,"16":12,"17":11,"18":11,"19":11,"20":11,"21":0,"22":1,"23":1,"24":12,"25":41,"26":12,"27":41,"28":3,"29":3,"30":3,"31":3,"32":3,"33":2,"34":1,"35":1,"36":1,"37":1,"38":1,"39":3,"40":41,"41":28,"42":41,"43":2,"44":2,"45":2,"46":2,"47":2,"48":2,"49":1,"50":1,"51":0,"52":1,"53":0,"54":2,"55":41,"56":2,"57":2,"58":2,"59":2,"60":2,"61":1,"62":1,"63":0,"64":2,"65":41,"66":2,"67":2,"68":0,"69":0,"70":2,"71":0,"72":0,"73":0,"74":2,"75":0,"76":0,"77":2,"78":0,"79":0,"80":2,"81":41,"82":12,"83":29,"84":1,"85":28,"86":1,"87":0,"88":0,"89":0,"90":0,"91":0,"92":0,"93":0},"f":{"0":41,"1":12,"2":12,"3":3,"4":28,"5":2,"6":2,"7":2,"8":1,"9":0,"10":0,"11":0,"12":0,"13":0,"14":0,"15":0},"b":{"0":[1,1],"1":[11,0],"2":[11,0,0],"3":[11,0,0],"4":[11,0,0],"5":[11,0],"6":[11,0],"7":[11,0],"8":[1,1],"9":[0,2],"10":[1,1],"11":[0,1],"12":[1,1],"13":[0,2],"14":[0,2],"15":[0,2],"16":[0,2],"17":[12,29],"18":[1,28],"19":[1,0],"20":[28,0],"21":[28,0],"22":[41,28],"23":[41,28],"24":[6,22],"25":[41,0],"26":[41,0],"27":[41,4],"28":[2,2],"29":[41,2],"30":[0,2],"31":[41,24,24],"32":[4,24],"33":[41,24],"34":[41,3],"35":[1,2],"36":[1,2],"37":[3,25]},"meta":{"lastBranch":38,"lastFunction":16,"lastStatement":94,"seen":{"s:9:16:9:Infinity":0,"b:9:16:9:48:9:48:9:Infinity":0,"s:32:20:494:Infinity":1,"f:32:20:32:26":0,"s:33:29:33:Infinity":2,"s:40:4:40:Infinity":3,"s:47:4:47:Infinity":4,"s:48:30:48:Infinity":5,"s:49:30:49:Infinity":6,"s:50:28:50:Infinity":7,"s:51:38:51:Infinity":8,"s:52:60:52:Infinity":9,"s:53:30:53:Infinity":10,"s:54:38:54:Infinity":11,"s:55:36:55:Infinity":12,"s:57:32:64:Infinity":13,"s:66:10:90:Infinity":14,"f:66:37:66:49":1,"s:67:8:89:Infinity":15,"s:68:29:68:Infinity":16,"b:70:12:83:Infinity:81:19:83:Infinity":1,"s:70:12:83:Infinity":17,"s:71:29:71:Infinity":18,"s:72:16:72:Infinity":19,"s:73:16:80:Infinity":20,"b:74:34:74:55:74:55:74:85:74:85:74:Infinity":2,"b:75:25:75:37:75:37:75:58:75:58:75:Infinity":3,"b:76:25:76:37:76:37:76:58:76:58:76:Infinity":4,"b:77:32:77:51:77:51:77:Infinity":5,"b:78:31:78:49:78:49:78:Infinity":6,"b:79:27:79:41:79:41:79:Infinity":7,"s:82:16:82:Infinity":21,"s:85:12:85:Infinity":22,"s:86:12:86:Infinity":23,"s:88:12:88:Infinity":24,"s:92:4:94:Infinity":25,"f:92:14:92:20":2,"s:93:8:93:Infinity":26,"s:96:25:122:Infinity":27,"f:96:25:96:32":3,"s:97:8:97:Infinity":28,"s:98:8:98:Infinity":29,"s:99:8:99:Infinity":30,"s:101:8:121:Infinity":31,"s:102:29:108:Infinity":32,"b:110:12:116:Infinity:114:19:116:Infinity":8,"s:110:12:116:Infinity":33,"s:111:29:111:Infinity":34,"s:112:16:112:Infinity":35,"s:113:16:113:Infinity":36,"s:115:16:115:Infinity":37,"s:118:12:118:Infinity":38,"s:120:12:120:Infinity":39,"s:124:23:130:Infinity":40,"f:124:23:124:24":4,"s:125:8:129:Infinity":41,"s:132:38:161:Infinity":42,"f:132:38:132:50":5,"s:133:8:133:Infinity":43,"s:134:8:134:Infinity":44,"s:135:8:160:Infinity":45,"s:136:23:136:Infinity":46,"s:138:16:138:Infinity":47,"b:138:54:138:80:138:80:138:Infinity":9,"b:140:12:152:Infinity:142:12:152:Infinity":10,"s:140:12:152:Infinity":48,"s:141:16:141:Infinity":49,"b:142:12:152:Infinity:147:19:152:Infinity":11,"s:142:12:152:Infinity":50,"s:143:16:146:Infinity":51,"s:148:16:151:Infinity":52,"s:154:12:157:Infinity":53,"s:159:12:159:Infinity":54,"s:163:39:184:Infinity":55,"f:163:39:163:51":6,"s:164:8:164:Infinity":56,"s:165:8:165:Infinity":57,"s:166:8:183:Infinity":58,"s:167:23:167:Infinity":59,"b:168:12:175:Infinity:170:19:175:Infinity":12,"s:168:12:175:Infinity":60,"s:169:16:169:Infinity":61,"s:171:16:174:Infinity":62,"s:177:12:180:Infinity":63,"s:182:12:182:Infinity":64,"s:186:29:220:Infinity":65,"f:186:29:186:35":7,"s:187:8:187:Infinity":66,"b:189:8:192:Infinity:undefined:undefined:undefined:undefined":13,"s:189:8:192:Infinity":67,"s:190:12:190:Infinity":68,"s:191:12:191:Infinity":69,"b:194:8:198:Infinity:undefined:undefined:undefined:undefined":14,"s:194:8:198:Infinity":70,"s:195:12:195:Infinity":71,"s:196:12:196:Infinity":72,"s:197:12:197:Infinity":73,"b:200:8:206:Infinity:undefined:undefined:undefined:undefined":15,"s:200:8:206:Infinity":74,"s:201:12:204:Infinity":75,"s:205:12:205:Infinity":76,"b:208:8:214:Infinity:undefined:undefined:undefined:undefined":16,"s:208:8:214:Infinity":77,"s:209:12:212:Infinity":78,"s:213:12:213:Infinity":79,"s:216:8:219:Infinity":80,"b:222:4:232:Infinity:undefined:undefined:undefined:undefined":17,"s:222:4:232:Infinity":81,"s:223:8:229:Infinity":82,"b:234:4:243:Infinity:undefined:undefined:undefined:undefined":18,"s:234:4:243:Infinity":83,"s:235:8:241:Infinity":84,"b:238:54:238:71:238:71:238:103":19,"s:245:4:492:Infinity":85,"f:257:37:257:43":8,"s:257:43:257:Infinity":86,"b:276:33:276:58:276:58:276:Infinity":20,"b:282:84:282:112:282:112:282:Infinity":21,"b:282:37:282:56:282:56:282:84":22,"f:300:50:300:51":9,"s:300:57:300:Infinity":87,"f:312:50:312:51":10,"s:312:57:312:Infinity":88,"f:324:50:324:51":11,"s:324:57:324:Infinity":89,"f:340:42:340:43":12,"s:340:49:340:Infinity":90,"f:356:50:356:51":13,"s:356:57:356:Infinity":91,"f:369:50:369:51":14,"s:369:57:369:Infinity":92,"b:381:71:381:95:381:95:381:127":23,"b:392:46:392:Infinity:393:46:393:Infinity":24,"b:398:29:398:Infinity:399:32:401:Infinity":25,"b:404:29:404:Infinity:405:32:407:Infinity":26,"b:410:29:410:Infinity:411:32:417:Infinity":27,"b:413:42:413:Infinity:414:42:414:Infinity":28,"b:420:29:420:Infinity:421:32:427:Infinity":29,"b:423:42:423:Infinity:424:42:424:Infinity":30,"b:434:46:434:61:434:61:434:93:434:93:434:Infinity":31,"b:437:51:437:68:437:68:437:Infinity":32,"b:451:46:451:61:451:61:451:Infinity":33,"b:459:25:459:Infinity:460:28:467:Infinity":34,"b:462:38:462:Infinity:463:38:463:Infinity":35,"b:465:68:465:74:465:74:465:79":36,"b:476:38:476:53:476:53:476:Infinity":37,"f:484:25:484:31":15,"s:484:31:484:Infinity":93}}}
}
